#
# There is insufficient memory for the Java Runtime Environment to continue.
# Native memory allocation (malloc) failed to allocate 384576 bytes for Chunk::new
# Possible reasons:
#   The system is out of physical RAM or swap space
#   The process is running with CompressedOops enabled, and the Java Heap may be blocking the growth of the native heap
# Possible solutions:
#   Reduce memory load on the system
#   Increase physical memory or swap space
#   Check if swap backing store is full
#   Decrease Java heap size (-Xmx/-Xms)
#   Decrease number of Java threads
#   Decrease Java thread stack sizes (-Xss)
#   Set larger code cache with -XX:ReservedCodeCacheSize=
#   JVM is running with Zero Based Compressed Oops mode in which the Java heap is
#     placed in the first 32GB address space. The Java Heap base address is the
#     maximum limit for the native heap growth. Please use -XX:HeapBaseMinAddress
#     to set the Java Heap base and to place the Java Heap above 32GB virtual address.
# This output file may be truncated or incomplete.
#
#  Out of Memory Error (arena.cpp:189), pid=27560, tid=22320
#
# JRE version: OpenJDK Runtime Environment JBR-17.0.6+10-829.5-jcef (17.0.6+10) (build 17.0.6+10-b829.5)
# Java VM: OpenJDK 64-Bit Server VM JBR-17.0.6+10-829.5-jcef (17.0.6+10-b829.5, mixed mode, tiered, compressed oops, compressed class ptrs, g1 gc, windows-amd64)
# No core dump will be written. Minidumps are not enabled by default on client versions of Windows
#

---------------  S U M M A R Y ------------

Command Line: D:\Harmony\API\11\toolchains\lib\hap-sign-tool.jar verify-profile -inFile C:/Users/Fox/.ohos/config/openharmony/default_MyApplication2_aPBS9t0Wo7htfOKiGt6j47kcyaH79eungGZLxb9Isr0=.p7b -outFile C:\Users\Fox\Desktop\MyApplication2\entry\build\default\intermediates\default\temp\signConfigCheckJson.json

Host: AMD Ryzen 9 7945HX with Radeon Graphics        , 32 cores, 15G,  Windows 11 , 64 bit Build 22621 (10.0.22621.4391)
Time: Sun Dec 15 15:18:24 2024  Windows 11 , 64 bit Build 22621 (10.0.22621.4391) elapsed time: 0.358826 seconds (0d 0h 0m 0s)

---------------  T H R E A D  ---------------

Current thread (0x000001d343d72a80):  JavaThread "C2 CompilerThread1" daemon [_thread_in_native, id=22320, stack(0x000000a34b700000,0x000000a34b800000)]


Current CompileTask:
C2:    359 1503 % !   4       java.util.concurrent.ConcurrentHashMap::transfer @ 437 (849 bytes)

Stack: [0x000000a34b700000,0x000000a34b800000]
Native frames: (J=compiled Java code, j=interpreted, Vv=VM code, C=native code)
V  [jvm.dll+0x683b4a]
V  [jvm.dll+0x842654]
V  [jvm.dll+0x843dfe]
V  [jvm.dll+0x844463]
V  [jvm.dll+0x249b75]
V  [jvm.dll+0xabcac]
V  [jvm.dll+0xac27c]
V  [jvm.dll+0x368857]
V  [jvm.dll+0x332f31]
V  [jvm.dll+0x3323da]
V  [jvm.dll+0x21c201]
V  [jvm.dll+0x21b621]
V  [jvm.dll+0x1a4fdd]
V  [jvm.dll+0x22b098]
V  [jvm.dll+0x229159]
V  [jvm.dll+0x7f809c]
V  [jvm.dll+0x7f25fa]
V  [jvm.dll+0x682985]
C  [ucrtbase.dll+0x29333]
C  [KERNEL32.DLL+0x1259d]
C  [ntdll.dll+0x5af38]


---------------  P R O C E S S  ---------------

Threads class SMR info:
_java_thread_list=0x000001d343f1e060, length=19, elements={
0x000001d321e7ef40, 0x000001d342ad4020, 0x000001d342ad5be0, 0x000001d342b07d20,
0x000001d342b084e0, 0x000001d342b0afa0, 0x000001d342b4bd20, 0x000001d342b4eac0,
0x000001d342b53a70, 0x000001d342b5d390, 0x000001d342bf9740, 0x000001d342d1dc50,
0x000001d342d1e530, 0x000001d3439c9310, 0x000001d3439c9820, 0x000001d343a7edd0,
0x000001d343d72a80, 0x000001d343b9c340, 0x000001d3448592b0
}

Java Threads: ( => current thread )
  0x000001d321e7ef40 JavaThread "main" [_thread_in_vm, id=14068, stack(0x000000a34a000000,0x000000a34a100000)]
  0x000001d342ad4020 JavaThread "Reference Handler" daemon [_thread_blocked, id=25380, stack(0x000000a34a700000,0x000000a34a800000)]
  0x000001d342ad5be0 JavaThread "Finalizer" daemon [_thread_blocked, id=27136, stack(0x000000a34a800000,0x000000a34a900000)]
  0x000001d342b07d20 JavaThread "Signal Dispatcher" daemon [_thread_blocked, id=26896, stack(0x000000a34a900000,0x000000a34aa00000)]
  0x000001d342b084e0 JavaThread "Attach Listener" daemon [_thread_blocked, id=21616, stack(0x000000a34aa00000,0x000000a34ab00000)]
  0x000001d342b0afa0 JavaThread "Service Thread" daemon [_thread_blocked, id=20492, stack(0x000000a34ab00000,0x000000a34ac00000)]
  0x000001d342b4bd20 JavaThread "Monitor Deflation Thread" daemon [_thread_blocked, id=14576, stack(0x000000a34ac00000,0x000000a34ad00000)]
  0x000001d342b4eac0 JavaThread "C2 CompilerThread0" daemon [_thread_blocked, id=14328, stack(0x000000a34ad00000,0x000000a34ae00000)]
  0x000001d342b53a70 JavaThread "C1 CompilerThread0" daemon [_thread_blocked, id=4476, stack(0x000000a34ae00000,0x000000a34af00000)]
  0x000001d342b5d390 JavaThread "Sweeper thread" daemon [_thread_blocked, id=24064, stack(0x000000a34af00000,0x000000a34b000000)]
  0x000001d342bf9740 JavaThread "C1 CompilerThread1" daemon [_thread_blocked, id=10544, stack(0x000000a34b000000,0x000000a34b100000)]
  0x000001d342d1dc50 JavaThread "Notification Thread" daemon [_thread_blocked, id=27556, stack(0x000000a34b100000,0x000000a34b200000)]
  0x000001d342d1e530 JavaThread "Common-Cleaner" daemon [_thread_blocked, id=8204, stack(0x000000a34b300000,0x000000a34b400000)]
  0x000001d3439c9310 JavaThread "C1 CompilerThread2" daemon [_thread_blocked, id=26980, stack(0x000000a34b400000,0x000000a34b500000)]
  0x000001d3439c9820 JavaThread "C1 CompilerThread3" daemon [_thread_blocked, id=21456, stack(0x000000a34b500000,0x000000a34b600000)]
  0x000001d343a7edd0 JavaThread "C1 CompilerThread4" daemon [_thread_blocked, id=19896, stack(0x000000a34b600000,0x000000a34b700000)]
=>0x000001d343d72a80 JavaThread "C2 CompilerThread1" daemon [_thread_in_native, id=22320, stack(0x000000a34b700000,0x000000a34b800000)]
  0x000001d343b9c340 JavaThread "C2 CompilerThread2" daemon [_thread_blocked, id=1456, stack(0x000000a34b800000,0x000000a34b900000)]
  0x000001d3448592b0 JavaThread "Log4j2-TF-1-Scheduled-1" daemon [_thread_blocked, id=2344, stack(0x000000a34b900000,0x000000a34ba00000)]

Other Threads:
  0x000001d342048160 VMThread "VM Thread" [stack: 0x000000a34a600000,0x000000a34a700000] [id=22324]
  0x000001d321f38230 WatcherThread [stack: 0x000000a34b200000,0x000000a34b300000] [id=23952]
  0x000001d321eefb80 GCTaskThread "GC Thread#0" [stack: 0x000000a34a100000,0x000000a34a200000] [id=26996]
  0x000001d343e55470 GCTaskThread "GC Thread#1" [stack: 0x000000a34ba00000,0x000000a34bb00000] [id=10996]
  0x000001d343ca11a0 GCTaskThread "GC Thread#2" [stack: 0x000000a34bb00000,0x000000a34bc00000] [id=4228]
  0x000001d343e5ba40 GCTaskThread "GC Thread#3" [stack: 0x000000a34bc00000,0x000000a34bd00000] [id=11224]
  0x000001d343e2f700 GCTaskThread "GC Thread#4" [stack: 0x000000a34bd00000,0x000000a34be00000] [id=21340]
  0x000001d343c4e3b0 GCTaskThread "GC Thread#5" [stack: 0x000000a34be00000,0x000000a34bf00000] [id=19436]
  0x000001d343c77d00 GCTaskThread "GC Thread#6" [stack: 0x000000a34bf00000,0x000000a34c000000] [id=5716]
  0x000001d343c87fc0 GCTaskThread "GC Thread#7" [stack: 0x000000a34c000000,0x000000a34c100000] [id=7412]
  0x000001d321e9ef10 ConcurrentGCThread "G1 Main Marker" [stack: 0x000000a34a200000,0x000000a34a300000] [id=27452]
  0x000001d321f01de0 ConcurrentGCThread "G1 Conc#0" [stack: 0x000000a34a300000,0x000000a34a400000] [id=22424]
  0x000001d341f65cd0 ConcurrentGCThread "G1 Refine#0" [stack: 0x000000a34a400000,0x000000a34a500000] [id=26956]
  0x000001d341f666f0 ConcurrentGCThread "G1 Service" [stack: 0x000000a34a500000,0x000000a34a600000] [id=24252]

Threads with active compile tasks:
C2 CompilerThread1      379 1503 % !   4       java.util.concurrent.ConcurrentHashMap::transfer @ 437 (849 bytes)

VM state: not at safepoint (normal execution)

VM Mutex/Monitor currently owned by a thread:  ([mutex/lock_event])
[0x000001d321e78fd0] Metaspace_lock - owner thread: 0x000001d321e7ef40

Heap address: 0x0000000704e00000, size: 4018 MB, Compressed Oops mode: Zero based, Oop shift amount: 3

CDS archive(s) not mapped
Compressed class space mapped at: 0x0000000800000000-0x0000000840000000, reserved size: 1073741824
Narrow klass base: 0x0000000800000000, Narrow klass shift: 0, Narrow klass range: 0x40000000

GC Precious Log:
 CPUs: 32 total, 32 available
 Memory: 16064M
 Large Page Support: Disabled
 NUMA Support: Disabled
 Compressed Oops: Enabled (Zero based)
 Heap Region Size: 2M
 Heap Min Capacity: 8M
 Heap Initial Capacity: 252M
 Heap Max Capacity: 4018M
 Pre-touch: Disabled
 Parallel Workers: 23
 Concurrent Workers: 6
 Concurrent Refinement Workers: 23
 Periodic GC: Disabled

Heap:
 garbage-first heap   total 258048K, used 8971K [0x0000000704e00000, 0x0000000800000000)
  region size 2048K, 5 young (10240K), 2 survivors (4096K)
 Metaspace       used 18587K, committed 18816K, reserved 1073152K
  class space    used 2033K, committed 2176K, reserved 1048576K

Heap Regions: E=young(eden), S=young(survivor), O=old, HS=humongous(starts), HC=humongous(continues), CS=collection set, F=free, OA=open archive, CA=closed archive, TAMS=top-at-mark-start (previous, next)
|   0|0x0000000704e00000, 0x0000000704ec2c00, 0x0000000705000000| 38%| O|  |TAMS 0x0000000704e00000, 0x0000000704e00000| Untracked 
|   1|0x0000000705000000, 0x0000000705000000, 0x0000000705200000|  0%| F|  |TAMS 0x0000000705000000, 0x0000000705000000| Untracked 
|   2|0x0000000705200000, 0x0000000705200000, 0x0000000705400000|  0%| F|  |TAMS 0x0000000705200000, 0x0000000705200000| Untracked 
|   3|0x0000000705400000, 0x0000000705400000, 0x0000000705600000|  0%| F|  |TAMS 0x0000000705400000, 0x0000000705400000| Untracked 
|   4|0x0000000705600000, 0x0000000705600000, 0x0000000705800000|  0%| F|  |TAMS 0x0000000705600000, 0x0000000705600000| Untracked 
|   5|0x0000000705800000, 0x0000000705800000, 0x0000000705a00000|  0%| F|  |TAMS 0x0000000705800000, 0x0000000705800000| Untracked 
|   6|0x0000000705a00000, 0x0000000705a00000, 0x0000000705c00000|  0%| F|  |TAMS 0x0000000705a00000, 0x0000000705a00000| Untracked 
|   7|0x0000000705c00000, 0x0000000705c00000, 0x0000000705e00000|  0%| F|  |TAMS 0x0000000705c00000, 0x0000000705c00000| Untracked 
|   8|0x0000000705e00000, 0x0000000705e00000, 0x0000000706000000|  0%| F|  |TAMS 0x0000000705e00000, 0x0000000705e00000| Untracked 
|   9|0x0000000706000000, 0x0000000706000000, 0x0000000706200000|  0%| F|  |TAMS 0x0000000706000000, 0x0000000706000000| Untracked 
|  10|0x0000000706200000, 0x0000000706200000, 0x0000000706400000|  0%| F|  |TAMS 0x0000000706200000, 0x0000000706200000| Untracked 
|  11|0x0000000706400000, 0x0000000706400000, 0x0000000706600000|  0%| F|  |TAMS 0x0000000706400000, 0x0000000706400000| Untracked 
|  12|0x0000000706600000, 0x0000000706600000, 0x0000000706800000|  0%| F|  |TAMS 0x0000000706600000, 0x0000000706600000| Untracked 
|  13|0x0000000706800000, 0x0000000706800000, 0x0000000706a00000|  0%| F|  |TAMS 0x0000000706800000, 0x0000000706800000| Untracked 
|  14|0x0000000706a00000, 0x0000000706a00000, 0x0000000706c00000|  0%| F|  |TAMS 0x0000000706a00000, 0x0000000706a00000| Untracked 
|  15|0x0000000706c00000, 0x0000000706c00000, 0x0000000706e00000|  0%| F|  |TAMS 0x0000000706c00000, 0x0000000706c00000| Untracked 
|  16|0x0000000706e00000, 0x0000000706e00000, 0x0000000707000000|  0%| F|  |TAMS 0x0000000706e00000, 0x0000000706e00000| Untracked 
|  17|0x0000000707000000, 0x0000000707000000, 0x0000000707200000|  0%| F|  |TAMS 0x0000000707000000, 0x0000000707000000| Untracked 
|  18|0x0000000707200000, 0x0000000707200000, 0x0000000707400000|  0%| F|  |TAMS 0x0000000707200000, 0x0000000707200000| Untracked 
|  19|0x0000000707400000, 0x0000000707400000, 0x0000000707600000|  0%| F|  |TAMS 0x0000000707400000, 0x0000000707400000| Untracked 
|  20|0x0000000707600000, 0x0000000707600000, 0x0000000707800000|  0%| F|  |TAMS 0x0000000707600000, 0x0000000707600000| Untracked 
|  21|0x0000000707800000, 0x0000000707800000, 0x0000000707a00000|  0%| F|  |TAMS 0x0000000707800000, 0x0000000707800000| Untracked 
|  22|0x0000000707a00000, 0x0000000707a00000, 0x0000000707c00000|  0%| F|  |TAMS 0x0000000707a00000, 0x0000000707a00000| Untracked 
|  23|0x0000000707c00000, 0x0000000707c00000, 0x0000000707e00000|  0%| F|  |TAMS 0x0000000707c00000, 0x0000000707c00000| Untracked 
|  24|0x0000000707e00000, 0x0000000707e00000, 0x0000000708000000|  0%| F|  |TAMS 0x0000000707e00000, 0x0000000707e00000| Untracked 
|  25|0x0000000708000000, 0x0000000708000000, 0x0000000708200000|  0%| F|  |TAMS 0x0000000708000000, 0x0000000708000000| Untracked 
|  26|0x0000000708200000, 0x0000000708200000, 0x0000000708400000|  0%| F|  |TAMS 0x0000000708200000, 0x0000000708200000| Untracked 
|  27|0x0000000708400000, 0x0000000708400000, 0x0000000708600000|  0%| F|  |TAMS 0x0000000708400000, 0x0000000708400000| Untracked 
|  28|0x0000000708600000, 0x0000000708600000, 0x0000000708800000|  0%| F|  |TAMS 0x0000000708600000, 0x0000000708600000| Untracked 
|  29|0x0000000708800000, 0x0000000708800000, 0x0000000708a00000|  0%| F|  |TAMS 0x0000000708800000, 0x0000000708800000| Untracked 
|  30|0x0000000708a00000, 0x0000000708a00000, 0x0000000708c00000|  0%| F|  |TAMS 0x0000000708a00000, 0x0000000708a00000| Untracked 
|  31|0x0000000708c00000, 0x0000000708c00000, 0x0000000708e00000|  0%| F|  |TAMS 0x0000000708c00000, 0x0000000708c00000| Untracked 
|  32|0x0000000708e00000, 0x0000000708e00000, 0x0000000709000000|  0%| F|  |TAMS 0x0000000708e00000, 0x0000000708e00000| Untracked 
|  33|0x0000000709000000, 0x0000000709000000, 0x0000000709200000|  0%| F|  |TAMS 0x0000000709000000, 0x0000000709000000| Untracked 
|  34|0x0000000709200000, 0x0000000709200000, 0x0000000709400000|  0%| F|  |TAMS 0x0000000709200000, 0x0000000709200000| Untracked 
|  35|0x0000000709400000, 0x0000000709400000, 0x0000000709600000|  0%| F|  |TAMS 0x0000000709400000, 0x0000000709400000| Untracked 
|  36|0x0000000709600000, 0x0000000709600000, 0x0000000709800000|  0%| F|  |TAMS 0x0000000709600000, 0x0000000709600000| Untracked 
|  37|0x0000000709800000, 0x0000000709800000, 0x0000000709a00000|  0%| F|  |TAMS 0x0000000709800000, 0x0000000709800000| Untracked 
|  38|0x0000000709a00000, 0x0000000709a00000, 0x0000000709c00000|  0%| F|  |TAMS 0x0000000709a00000, 0x0000000709a00000| Untracked 
|  39|0x0000000709c00000, 0x0000000709c00000, 0x0000000709e00000|  0%| F|  |TAMS 0x0000000709c00000, 0x0000000709c00000| Untracked 
|  40|0x0000000709e00000, 0x0000000709e00000, 0x000000070a000000|  0%| F|  |TAMS 0x0000000709e00000, 0x0000000709e00000| Untracked 
|  41|0x000000070a000000, 0x000000070a000000, 0x000000070a200000|  0%| F|  |TAMS 0x000000070a000000, 0x000000070a000000| Untracked 
|  42|0x000000070a200000, 0x000000070a200000, 0x000000070a400000|  0%| F|  |TAMS 0x000000070a200000, 0x000000070a200000| Untracked 
|  43|0x000000070a400000, 0x000000070a400000, 0x000000070a600000|  0%| F|  |TAMS 0x000000070a400000, 0x000000070a400000| Untracked 
|  44|0x000000070a600000, 0x000000070a600000, 0x000000070a800000|  0%| F|  |TAMS 0x000000070a600000, 0x000000070a600000| Untracked 
|  45|0x000000070a800000, 0x000000070a800000, 0x000000070aa00000|  0%| F|  |TAMS 0x000000070a800000, 0x000000070a800000| Untracked 
|  46|0x000000070aa00000, 0x000000070aa00000, 0x000000070ac00000|  0%| F|  |TAMS 0x000000070aa00000, 0x000000070aa00000| Untracked 
|  47|0x000000070ac00000, 0x000000070ac00000, 0x000000070ae00000|  0%| F|  |TAMS 0x000000070ac00000, 0x000000070ac00000| Untracked 
|  48|0x000000070ae00000, 0x000000070ae00000, 0x000000070b000000|  0%| F|  |TAMS 0x000000070ae00000, 0x000000070ae00000| Untracked 
|  49|0x000000070b000000, 0x000000070b000000, 0x000000070b200000|  0%| F|  |TAMS 0x000000070b000000, 0x000000070b000000| Untracked 
|  50|0x000000070b200000, 0x000000070b200000, 0x000000070b400000|  0%| F|  |TAMS 0x000000070b200000, 0x000000070b200000| Untracked 
|  51|0x000000070b400000, 0x000000070b400000, 0x000000070b600000|  0%| F|  |TAMS 0x000000070b400000, 0x000000070b400000| Untracked 
|  52|0x000000070b600000, 0x000000070b600000, 0x000000070b800000|  0%| F|  |TAMS 0x000000070b600000, 0x000000070b600000| Untracked 
|  53|0x000000070b800000, 0x000000070b800000, 0x000000070ba00000|  0%| F|  |TAMS 0x000000070b800000, 0x000000070b800000| Untracked 
|  54|0x000000070ba00000, 0x000000070ba00000, 0x000000070bc00000|  0%| F|  |TAMS 0x000000070ba00000, 0x000000070ba00000| Untracked 
|  55|0x000000070bc00000, 0x000000070bc00000, 0x000000070be00000|  0%| F|  |TAMS 0x000000070bc00000, 0x000000070bc00000| Untracked 
|  56|0x000000070be00000, 0x000000070be00000, 0x000000070c000000|  0%| F|  |TAMS 0x000000070be00000, 0x000000070be00000| Untracked 
|  57|0x000000070c000000, 0x000000070c000000, 0x000000070c200000|  0%| F|  |TAMS 0x000000070c000000, 0x000000070c000000| Untracked 
|  58|0x000000070c200000, 0x000000070c200000, 0x000000070c400000|  0%| F|  |TAMS 0x000000070c200000, 0x000000070c200000| Untracked 
|  59|0x000000070c400000, 0x000000070c400000, 0x000000070c600000|  0%| F|  |TAMS 0x000000070c400000, 0x000000070c400000| Untracked 
|  60|0x000000070c600000, 0x000000070c600000, 0x000000070c800000|  0%| F|  |TAMS 0x000000070c600000, 0x000000070c600000| Untracked 
|  61|0x000000070c800000, 0x000000070c800000, 0x000000070ca00000|  0%| F|  |TAMS 0x000000070c800000, 0x000000070c800000| Untracked 
|  62|0x000000070ca00000, 0x000000070ca00000, 0x000000070cc00000|  0%| F|  |TAMS 0x000000070ca00000, 0x000000070ca00000| Untracked 
|  63|0x000000070cc00000, 0x000000070cc00000, 0x000000070ce00000|  0%| F|  |TAMS 0x000000070cc00000, 0x000000070cc00000| Untracked 
|  64|0x000000070ce00000, 0x000000070ce00000, 0x000000070d000000|  0%| F|  |TAMS 0x000000070ce00000, 0x000000070ce00000| Untracked 
|  65|0x000000070d000000, 0x000000070d000000, 0x000000070d200000|  0%| F|  |TAMS 0x000000070d000000, 0x000000070d000000| Untracked 
|  66|0x000000070d200000, 0x000000070d200000, 0x000000070d400000|  0%| F|  |TAMS 0x000000070d200000, 0x000000070d200000| Untracked 
|  67|0x000000070d400000, 0x000000070d400000, 0x000000070d600000|  0%| F|  |TAMS 0x000000070d400000, 0x000000070d400000| Untracked 
|  68|0x000000070d600000, 0x000000070d600000, 0x000000070d800000|  0%| F|  |TAMS 0x000000070d600000, 0x000000070d600000| Untracked 
|  69|0x000000070d800000, 0x000000070d800000, 0x000000070da00000|  0%| F|  |TAMS 0x000000070d800000, 0x000000070d800000| Untracked 
|  70|0x000000070da00000, 0x000000070da00000, 0x000000070dc00000|  0%| F|  |TAMS 0x000000070da00000, 0x000000070da00000| Untracked 
|  71|0x000000070dc00000, 0x000000070dc00000, 0x000000070de00000|  0%| F|  |TAMS 0x000000070dc00000, 0x000000070dc00000| Untracked 
|  72|0x000000070de00000, 0x000000070de00000, 0x000000070e000000|  0%| F|  |TAMS 0x000000070de00000, 0x000000070de00000| Untracked 
|  73|0x000000070e000000, 0x000000070e000000, 0x000000070e200000|  0%| F|  |TAMS 0x000000070e000000, 0x000000070e000000| Untracked 
|  74|0x000000070e200000, 0x000000070e200000, 0x000000070e400000|  0%| F|  |TAMS 0x000000070e200000, 0x000000070e200000| Untracked 
|  75|0x000000070e400000, 0x000000070e400000, 0x000000070e600000|  0%| F|  |TAMS 0x000000070e400000, 0x000000070e400000| Untracked 
|  76|0x000000070e600000, 0x000000070e600000, 0x000000070e800000|  0%| F|  |TAMS 0x000000070e600000, 0x000000070e600000| Untracked 
|  77|0x000000070e800000, 0x000000070e800000, 0x000000070ea00000|  0%| F|  |TAMS 0x000000070e800000, 0x000000070e800000| Untracked 
|  78|0x000000070ea00000, 0x000000070ea00000, 0x000000070ec00000|  0%| F|  |TAMS 0x000000070ea00000, 0x000000070ea00000| Untracked 
|  79|0x000000070ec00000, 0x000000070ec00000, 0x000000070ee00000|  0%| F|  |TAMS 0x000000070ec00000, 0x000000070ec00000| Untracked 
|  80|0x000000070ee00000, 0x000000070ee00000, 0x000000070f000000|  0%| F|  |TAMS 0x000000070ee00000, 0x000000070ee00000| Untracked 
|  81|0x000000070f000000, 0x000000070f000000, 0x000000070f200000|  0%| F|  |TAMS 0x000000070f000000, 0x000000070f000000| Untracked 
|  82|0x000000070f200000, 0x000000070f200000, 0x000000070f400000|  0%| F|  |TAMS 0x000000070f200000, 0x000000070f200000| Untracked 
|  83|0x000000070f400000, 0x000000070f400000, 0x000000070f600000|  0%| F|  |TAMS 0x000000070f400000, 0x000000070f400000| Untracked 
|  84|0x000000070f600000, 0x000000070f600000, 0x000000070f800000|  0%| F|  |TAMS 0x000000070f600000, 0x000000070f600000| Untracked 
|  85|0x000000070f800000, 0x000000070f800000, 0x000000070fa00000|  0%| F|  |TAMS 0x000000070f800000, 0x000000070f800000| Untracked 
|  86|0x000000070fa00000, 0x000000070fa00000, 0x000000070fc00000|  0%| F|  |TAMS 0x000000070fa00000, 0x000000070fa00000| Untracked 
|  87|0x000000070fc00000, 0x000000070fc00000, 0x000000070fe00000|  0%| F|  |TAMS 0x000000070fc00000, 0x000000070fc00000| Untracked 
|  88|0x000000070fe00000, 0x000000070fe00000, 0x0000000710000000|  0%| F|  |TAMS 0x000000070fe00000, 0x000000070fe00000| Untracked 
|  89|0x0000000710000000, 0x0000000710000000, 0x0000000710200000|  0%| F|  |TAMS 0x0000000710000000, 0x0000000710000000| Untracked 
|  90|0x0000000710200000, 0x0000000710200000, 0x0000000710400000|  0%| F|  |TAMS 0x0000000710200000, 0x0000000710200000| Untracked 
|  91|0x0000000710400000, 0x0000000710400000, 0x0000000710600000|  0%| F|  |TAMS 0x0000000710400000, 0x0000000710400000| Untracked 
|  92|0x0000000710600000, 0x0000000710600000, 0x0000000710800000|  0%| F|  |TAMS 0x0000000710600000, 0x0000000710600000| Untracked 
|  93|0x0000000710800000, 0x0000000710800000, 0x0000000710a00000|  0%| F|  |TAMS 0x0000000710800000, 0x0000000710800000| Untracked 
|  94|0x0000000710a00000, 0x0000000710a00000, 0x0000000710c00000|  0%| F|  |TAMS 0x0000000710a00000, 0x0000000710a00000| Untracked 
|  95|0x0000000710c00000, 0x0000000710c00000, 0x0000000710e00000|  0%| F|  |TAMS 0x0000000710c00000, 0x0000000710c00000| Untracked 
|  96|0x0000000710e00000, 0x0000000710e00000, 0x0000000711000000|  0%| F|  |TAMS 0x0000000710e00000, 0x0000000710e00000| Untracked 
|  97|0x0000000711000000, 0x0000000711000000, 0x0000000711200000|  0%| F|  |TAMS 0x0000000711000000, 0x0000000711000000| Untracked 
|  98|0x0000000711200000, 0x0000000711200000, 0x0000000711400000|  0%| F|  |TAMS 0x0000000711200000, 0x0000000711200000| Untracked 
|  99|0x0000000711400000, 0x0000000711400000, 0x0000000711600000|  0%| F|  |TAMS 0x0000000711400000, 0x0000000711400000| Untracked 
| 100|0x0000000711600000, 0x0000000711600000, 0x0000000711800000|  0%| F|  |TAMS 0x0000000711600000, 0x0000000711600000| Untracked 
| 101|0x0000000711800000, 0x0000000711800000, 0x0000000711a00000|  0%| F|  |TAMS 0x0000000711800000, 0x0000000711800000| Untracked 
| 102|0x0000000711a00000, 0x0000000711a00000, 0x0000000711c00000|  0%| F|  |TAMS 0x0000000711a00000, 0x0000000711a00000| Untracked 
| 103|0x0000000711c00000, 0x0000000711c00000, 0x0000000711e00000|  0%| F|  |TAMS 0x0000000711c00000, 0x0000000711c00000| Untracked 
| 104|0x0000000711e00000, 0x0000000711e00000, 0x0000000712000000|  0%| F|  |TAMS 0x0000000711e00000, 0x0000000711e00000| Untracked 
| 105|0x0000000712000000, 0x0000000712000000, 0x0000000712200000|  0%| F|  |TAMS 0x0000000712000000, 0x0000000712000000| Untracked 
| 106|0x0000000712200000, 0x0000000712200000, 0x0000000712400000|  0%| F|  |TAMS 0x0000000712200000, 0x0000000712200000| Untracked 
| 107|0x0000000712400000, 0x0000000712400000, 0x0000000712600000|  0%| F|  |TAMS 0x0000000712400000, 0x0000000712400000| Untracked 
| 108|0x0000000712600000, 0x0000000712600000, 0x0000000712800000|  0%| F|  |TAMS 0x0000000712600000, 0x0000000712600000| Untracked 
| 109|0x0000000712800000, 0x0000000712800000, 0x0000000712a00000|  0%| F|  |TAMS 0x0000000712800000, 0x0000000712800000| Untracked 
| 110|0x0000000712a00000, 0x0000000712a00000, 0x0000000712c00000|  0%| F|  |TAMS 0x0000000712a00000, 0x0000000712a00000| Untracked 
| 111|0x0000000712c00000, 0x0000000712c00000, 0x0000000712e00000|  0%| F|  |TAMS 0x0000000712c00000, 0x0000000712c00000| Untracked 
| 112|0x0000000712e00000, 0x0000000712e00000, 0x0000000713000000|  0%| F|  |TAMS 0x0000000712e00000, 0x0000000712e00000| Untracked 
| 113|0x0000000713000000, 0x0000000713200000, 0x0000000713200000|100%| S|CS|TAMS 0x0000000713000000, 0x0000000713000000| Complete 
| 114|0x0000000713200000, 0x0000000713400000, 0x0000000713400000|100%| S|CS|TAMS 0x0000000713200000, 0x0000000713200000| Complete 
| 115|0x0000000713400000, 0x0000000713400000, 0x0000000713600000|  0%| F|  |TAMS 0x0000000713400000, 0x0000000713400000| Untracked 
| 116|0x0000000713600000, 0x0000000713600000, 0x0000000713800000|  0%| F|  |TAMS 0x0000000713600000, 0x0000000713600000| Untracked 
| 117|0x0000000713800000, 0x0000000713800000, 0x0000000713a00000|  0%| F|  |TAMS 0x0000000713800000, 0x0000000713800000| Untracked 
| 118|0x0000000713a00000, 0x0000000713a00000, 0x0000000713c00000|  0%| F|  |TAMS 0x0000000713a00000, 0x0000000713a00000| Untracked 
| 119|0x0000000713c00000, 0x0000000713c00000, 0x0000000713e00000|  0%| F|  |TAMS 0x0000000713c00000, 0x0000000713c00000| Untracked 
| 120|0x0000000713e00000, 0x0000000713e00000, 0x0000000714000000|  0%| F|  |TAMS 0x0000000713e00000, 0x0000000713e00000| Untracked 
| 121|0x0000000714000000, 0x0000000714000000, 0x0000000714200000|  0%| F|  |TAMS 0x0000000714000000, 0x0000000714000000| Untracked 
| 122|0x0000000714200000, 0x0000000714200000, 0x0000000714400000|  0%| F|  |TAMS 0x0000000714200000, 0x0000000714200000| Untracked 
| 123|0x0000000714400000, 0x000000071450ed80, 0x0000000714600000| 52%| E|  |TAMS 0x0000000714400000, 0x0000000714400000| Complete 
| 124|0x0000000714600000, 0x0000000714800000, 0x0000000714800000|100%| E|CS|TAMS 0x0000000714600000, 0x0000000714600000| Complete 
| 125|0x0000000714800000, 0x0000000714a00000, 0x0000000714a00000|100%| E|CS|TAMS 0x0000000714800000, 0x0000000714800000| Complete 

Card table byte_map: [0x000001d3360e0000,0x000001d3368c0000] _byte_map_base: 0x000001d3328b9000

Marking Bits (Prev, Next): (CMBitMap*) 0x000001d321ef0190, (CMBitMap*) 0x000001d321ef01d0
 Prev Bits: [0x000001d3370a0000, 0x000001d33af68000)
 Next Bits: [0x000001d33af70000, 0x000001d33ee38000)

Polling page: 0x000001d31fda0000

Metaspace:

Usage:
  Non-class:     16.17 MB used.
      Class:      1.99 MB used.
       Both:     18.15 MB used.

Virtual space:
  Non-class space:       24.00 MB reserved,      16.25 MB ( 68%) committed,  3 nodes.
      Class space:        1.00 GB reserved,       2.12 MB ( <1%) committed,  1 nodes.
             Both:        1.02 GB reserved,      18.38 MB (  2%) committed. 

Chunk freelists:
   Non-Class:  3.61 MB
       Class:  1.91 MB
        Both:  5.52 MB

MaxMetaspaceSize: unlimited
CompressedClassSpaceSize: 1.00 GB
Initial GC threshold: 21.00 MB
Current GC threshold: 21.00 MB
CDS: off
MetaspaceReclaimPolicy: balanced
 - commit_granule_bytes: 65536.
 - commit_granule_words: 8192.
 - virtual_space_node_default_size: 1048576.
 - enlarge_chunks_in_place: 1.
 - new_chunks_are_fully_committed: 0.
 - uncommit_free_chunks: 1.
 - use_allocation_guard: 0.
 - handle_deallocations: 1.


Internal statistics:

num_allocs_failed_limit: 0.
num_arena_births: 166.
num_arena_deaths: 0.
num_vsnodes_births: 4.
num_vsnodes_deaths: 0.
num_space_committed: 294.
num_space_uncommitted: 0.
num_chunks_returned_to_freelist: 0.
num_chunks_taken_from_freelist: 412.
num_chunk_merges: 0.
num_chunk_splits: 257.
num_chunks_enlarged: 162.
num_purges: 0.
num_inconsistent_stats: 0.

CodeHeap 'non-profiled nmethods': size=118848Kb used=390Kb max_used=390Kb free=118457Kb
 bounds [0x000001d32d1d0000, 0x000001d32d440000, 0x000001d3345e0000]
CodeHeap 'profiled nmethods': size=118848Kb used=2810Kb max_used=2810Kb free=116037Kb
 bounds [0x000001d3255e0000, 0x000001d3258a0000, 0x000001d32c9f0000]
CodeHeap 'non-nmethods': size=8064Kb used=3450Kb max_used=3465Kb free=4613Kb
 bounds [0x000001d32c9f0000, 0x000001d32cd60000, 0x000001d32d1d0000]
 total_blobs=2002 nmethods=1515 adapters=396
 compilation: enabled
              stopped_count=0, restarted_count=0
 full_count=0

Compilation events (20 events):
Event: 0.351 Thread 0x000001d343a7edd0 1501       3       java.security.Provider::implPut (49 bytes)
Event: 0.351 Thread 0x000001d342b53a70 1502       3       java.security.Provider::checkLegacy (42 bytes)
Event: 0.352 Thread 0x000001d3439c9820 nmethod 1499 0x000001d32588d190 code [0x000001d32588d360, 0x000001d32588d7d8]
Event: 0.352 Thread 0x000001d3439c9310 nmethod 1496 0x000001d32588d990 code [0x000001d32588dc00, 0x000001d32588e5c8]
Event: 0.352 Thread 0x000001d343a7edd0 nmethod 1501 0x000001d32588e990 code [0x000001d32588eba0, 0x000001d32588f4a8]
Event: 0.352 Thread 0x000001d342b53a70 nmethod 1502 0x000001d32588f690 code [0x000001d32588f880, 0x000001d32588fe48]
Event: 0.352 Thread 0x000001d342bf9740 nmethod 1498 0x000001d325890010 code [0x000001d325890280, 0x000001d325890cd8]
Event: 0.352 Thread 0x000001d343d72a80 1503 % !   4       java.util.concurrent.ConcurrentHashMap::transfer @ 437 (849 bytes)
Event: 0.354 Thread 0x000001d3439c9310 1504       3       java.lang.String::newStringUTF8NoRepl (274 bytes)
Event: 0.354 Thread 0x000001d3439c9310 nmethod 1504 0x000001d325891090 code [0x000001d325891340, 0x000001d3258922e8]
Event: 0.355 Thread 0x000001d3439c9310 1505       3       java.lang.Class$Atomic::casReflectionData (13 bytes)
Event: 0.355 Thread 0x000001d343a7edd0 1506   !   3       jdk.internal.reflect.ReflectionFactory::checkInitted (100 bytes)
Event: 0.355 Thread 0x000001d342b53a70 1507       3       java.lang.reflect.ReflectAccess::getRoot (5 bytes)
Event: 0.355 Thread 0x000001d3439c9310 nmethod 1505 0x000001d325892810 code [0x000001d3258929a0, 0x000001d325892af8]
Event: 0.355 Thread 0x000001d342b53a70 nmethod 1507 0x000001d325892b90 code [0x000001d325892d40, 0x000001d325892f08]
Event: 0.355 Thread 0x000001d343a7edd0 nmethod 1506 0x000001d325893010 code [0x000001d325893320, 0x000001d325894388]
Event: 0.356 Thread 0x000001d343b9c340 1508 %     4       sun.net.www.ParseUtil::firstEncodeIndex @ 7 (86 bytes)
Event: 0.357 Thread 0x000001d3439c9820 1509       3       java.math.BigInteger::destructiveMulAdd (150 bytes)
Event: 0.357 Thread 0x000001d342bf9740 1510       3       java.lang.Integer::parseInt (264 bytes)
Event: 0.357 Thread 0x000001d3439c9820 nmethod 1509 0x000001d325894810 code [0x000001d3258949c0, 0x000001d325894d18]

GC Heap History (2 events):
Event: 0.325 GC heap before
{Heap before GC invocations=0 (full 0):
 garbage-first heap   total 258048K, used 20480K [0x0000000704e00000, 0x0000000800000000)
  region size 2048K, 11 young (22528K), 0 survivors (0K)
 Metaspace       used 17317K, committed 17600K, reserved 1064960K
  class space    used 1839K, committed 1984K, reserved 1048576K
}
Event: 0.327 GC heap after
{Heap after GC invocations=1 (full 0):
 garbage-first heap   total 258048K, used 4875K [0x0000000704e00000, 0x0000000800000000)
  region size 2048K, 2 young (4096K), 2 survivors (4096K)
 Metaspace       used 17317K, committed 17600K, reserved 1064960K
  class space    used 1839K, committed 1984K, reserved 1048576K
}

Dll operation events (1 events):
Event: 0.007 Loaded shared library D:\Harmony\DevEco\DevEco Studio\jbr\bin\java.dll

Deoptimization events (20 events):
Event: 0.196 Thread 0x000001d321e7ef40 DEOPT PACKING pc=0x000001d32d1fd490 sp=0x000000a34a0fd9f0
Event: 0.196 Thread 0x000001d321e7ef40 DEOPT UNPACKING pc=0x000001d32ca4a1a3 sp=0x000000a34a0fd990 mode 2
Event: 0.196 Thread 0x000001d321e7ef40 Uncommon trap: trap_request=0xffffffc6 fr.pc=0x000001d32d1fd490 relative=0x00000000000005b0
Event: 0.196 Thread 0x000001d321e7ef40 Uncommon trap: reason=bimorphic_or_optimized_type_check action=maybe_recompile pc=0x000001d32d1fd490 method=java.util.concurrent.ConcurrentHashMap.get(Ljava/lang/Object;)Ljava/lang/Object; @ 149 c2
Event: 0.196 Thread 0x000001d321e7ef40 DEOPT PACKING pc=0x000001d32d1fd490 sp=0x000000a34a0fd9f0
Event: 0.196 Thread 0x000001d321e7ef40 DEOPT UNPACKING pc=0x000001d32ca4a1a3 sp=0x000000a34a0fd990 mode 2
Event: 0.196 Thread 0x000001d321e7ef40 Uncommon trap: trap_request=0xffffffc6 fr.pc=0x000001d32d1fd490 relative=0x00000000000005b0
Event: 0.196 Thread 0x000001d321e7ef40 Uncommon trap: reason=bimorphic_or_optimized_type_check action=maybe_recompile pc=0x000001d32d1fd490 method=java.util.concurrent.ConcurrentHashMap.get(Ljava/lang/Object;)Ljava/lang/Object; @ 149 c2
Event: 0.196 Thread 0x000001d321e7ef40 DEOPT PACKING pc=0x000001d32d1fd490 sp=0x000000a34a0fd9f0
Event: 0.196 Thread 0x000001d321e7ef40 DEOPT UNPACKING pc=0x000001d32ca4a1a3 sp=0x000000a34a0fd990 mode 2
Event: 0.210 Thread 0x000001d321e7ef40 Uncommon trap: trap_request=0xffffffc6 fr.pc=0x000001d32d1fd490 relative=0x00000000000005b0
Event: 0.210 Thread 0x000001d321e7ef40 Uncommon trap: reason=bimorphic_or_optimized_type_check action=maybe_recompile pc=0x000001d32d1fd490 method=java.util.concurrent.ConcurrentHashMap.get(Ljava/lang/Object;)Ljava/lang/Object; @ 149 c2
Event: 0.210 Thread 0x000001d321e7ef40 DEOPT PACKING pc=0x000001d32d1fd490 sp=0x000000a34a0fd000
Event: 0.210 Thread 0x000001d321e7ef40 DEOPT UNPACKING pc=0x000001d32ca4a1a3 sp=0x000000a34a0fcfa0 mode 2
Event: 0.272 Thread 0x000001d321e7ef40 Uncommon trap: trap_request=0xffffff45 fr.pc=0x000001d32d200a3c relative=0x000000000000009c
Event: 0.272 Thread 0x000001d321e7ef40 Uncommon trap: reason=unstable_if action=reinterpret pc=0x000001d32d200a3c method=sun.reflect.generics.parser.SignatureParser.current()C @ 39 c2
Event: 0.272 Thread 0x000001d321e7ef40 DEOPT PACKING pc=0x000001d32d200a3c sp=0x000000a34a0fd8a0
Event: 0.272 Thread 0x000001d321e7ef40 DEOPT UNPACKING pc=0x000001d32ca4a1a3 sp=0x000000a34a0fd838 mode 2
Event: 0.354 Thread 0x000001d321e7ef40 DEOPT PACKING pc=0x000001d3256bf18b sp=0x000000a34a0fd230
Event: 0.354 Thread 0x000001d321e7ef40 DEOPT UNPACKING pc=0x000001d32ca4ace3 sp=0x000000a34a0fc690 mode 0

Classes unloaded (0 events):
No events

Classes redefined (0 events):
No events

Internal exceptions (20 events):
Event: 0.084 Thread 0x000001d321e7ef40 Exception <a 'java/lang/NoSuchMethodError'{0x00000007144e5430}: 'void java.lang.invoke.DirectMethodHandle$Holder.invokeStatic(java.lang.Object, java.lang.Object, java.lang.Object)'> (0x00000007144e5430) 
thrown [s\src\hotspot\share\interpreter\linkResolver.cpp, line 771]
Event: 0.091 Thread 0x000001d321e7ef40 Exception <a 'java/lang/NoSuchMethodError'{0x0000000714504c38}: 'java.lang.Object java.lang.invoke.DirectMethodHandle$Holder.invokeStaticInit(java.lang.Object, java.lang.Object, java.lang.Object)'> (0x0000000714504c38) 
thrown [s\src\hotspot\share\interpreter\linkResolver.cpp, line 771]
Event: 0.093 Thread 0x000001d321e7ef40 Exception <a 'java/lang/NoSuchMethodError'{0x000000071451be40}: 'java.lang.Object java.lang.invoke.DirectMethodHandle$Holder.invokeStatic(java.lang.Object, java.lang.Object, int)'> (0x000000071451be40) 
thrown [s\src\hotspot\share\interpreter\linkResolver.cpp, line 771]
Event: 0.094 Thread 0x000001d321e7ef40 Exception <a 'java/lang/NoSuchMethodError'{0x0000000714527ca8}: 'void java.lang.invoke.DelegatingMethodHandle$Holder.delegate(java.lang.Object, java.lang.Object, int, java.lang.Object)'> (0x0000000714527ca8) 
thrown [s\src\hotspot\share\interpreter\linkResolver.cpp, line 771]
Event: 0.094 Thread 0x000001d321e7ef40 Exception <a 'java/lang/NoSuchMethodError'{0x000000071452bee8}: 'int java.lang.invoke.DirectMethodHandle$Holder.invokeSpecial(java.lang.Object, java.lang.Object, java.lang.Object)'> (0x000000071452bee8) 
thrown [s\src\hotspot\share\interpreter\linkResolver.cpp, line 771]
Event: 0.096 Thread 0x000001d321e7ef40 Exception <a 'java/lang/NoSuchMethodError'{0x0000000714547680}: 'java.lang.Object java.lang.invoke.Invokers$Holder.invokeExact_MT(java.lang.Object, java.lang.Object, java.lang.Object, java.lang.Object)'> (0x0000000714547680) 
thrown [s\src\hotspot\share\interpreter\linkResolver.cpp, line 771]
Event: 0.096 Thread 0x000001d321e7ef40 Exception <a 'java/lang/NoSuchMethodError'{0x000000071454b630}: 'java.lang.Object java.lang.invoke.Invokers$Holder.invokeExact_MT(java.lang.Object, java.lang.Object, java.lang.Object)'> (0x000000071454b630) 
thrown [s\src\hotspot\share\interpreter\linkResolver.cpp, line 771]
Event: 0.103 Thread 0x000001d321e7ef40 Exception <a 'java/lang/NoSuchMethodError'{0x0000000714571cd0}: 'java.lang.Object java.lang.invoke.DirectMethodHandle$Holder.invokeInterface(java.lang.Object, java.lang.Object)'> (0x0000000714571cd0) 
thrown [s\src\hotspot\share\interpreter\linkResolver.cpp, line 771]
Event: 0.104 Thread 0x000001d321e7ef40 Exception <a 'java/lang/IncompatibleClassChangeError'{0x0000000714575220}: Found class java.lang.Object, but interface was expected> (0x0000000714575220) 
thrown [s\src\hotspot\share\interpreter\linkResolver.cpp, line 838]
Event: 0.105 Thread 0x000001d321e7ef40 Exception <a 'java/lang/NoSuchMethodError'{0x0000000714585110}: 'void java.lang.invoke.DirectMethodHandle$Holder.invokeSpecial(java.lang.Object, java.lang.Object, java.lang.Object)'> (0x0000000714585110) 
thrown [s\src\hotspot\share\interpreter\linkResolver.cpp, line 771]
Event: 0.108 Thread 0x000001d321e7ef40 Exception <a 'java/lang/NoSuchMethodError'{0x000000071459e630}: 'void java.lang.invoke.DirectMethodHandle$Holder.invokeSpecial(java.lang.Object, java.lang.Object, java.lang.Object, java.lang.Object, java.lang.Object)'> (0x000000071459e630) 
thrown [s\src\hotspot\share\interpreter\linkResolver.cpp, line 771]
Event: 0.164 Thread 0x000001d321e7ef40 Exception <a 'java/lang/NoSuchMethodError'{0x0000000713fd8f00}: 'java.lang.Object java.lang.invoke.DirectMethodHandle$Holder.newInvokeSpecial(java.lang.Object, long, int, java.lang.Object)'> (0x0000000713fd8f00) 
thrown [s\src\hotspot\share\interpreter\linkResolver.cpp, line 771]
Event: 0.169 Thread 0x000001d321e7ef40 Exception <a 'java/lang/NoSuchMethodError'{0x0000000713c2a698}: 'void java.lang.invoke.DirectMethodHandle$Holder.invokeStatic(java.lang.Object, java.lang.Object, java.lang.Object, java.lang.Object)'> (0x0000000713c2a698) 
thrown [s\src\hotspot\share\interpreter\linkResolver.cpp, line 771]
Event: 0.170 Thread 0x000001d321e7ef40 Exception <a 'java/lang/NoSuchMethodError'{0x0000000713c2e340}: 'void java.lang.invoke.DirectMethodHandle$Holder.invokeStaticInit(java.lang.Object, java.lang.Object, java.lang.Object, java.lang.Object)'> (0x0000000713c2e340) 
thrown [s\src\hotspot\share\interpreter\linkResolver.cpp, line 771]
Event: 0.175 Thread 0x000001d321e7ef40 Exception <a 'java/lang/NoSuchMethodError'{0x0000000713cf68b8}: 'java.lang.Object java.lang.invoke.DirectMethodHandle$Holder.invokeStaticInit(java.lang.Object)'> (0x0000000713cf68b8) 
thrown [s\src\hotspot\share\interpreter\linkResolver.cpp, line 771]
Event: 0.269 Thread 0x000001d321e7ef40 Exception <a 'java/lang/NoSuchMethodError'{0x00000007139ea070}: 'java.lang.Object java.lang.invoke.DirectMethodHandle$Holder.newInvokeSpecial(java.lang.Object, java.lang.Object, java.lang.Object, java.lang.Object, java.lang.Object)'> (0x00000007139ea070) 
thrown [s\src\hotspot\share\interpreter\linkResolver.cpp, line 771]
Event: 0.287 Thread 0x000001d321e7ef40 Exception <a 'java/lang/NoSuchMethodError'{0x00000007137637c8}: 'int java.lang.invoke.DirectMethodHandle$Holder.invokeStaticInit(java.lang.Object, java.lang.Object, java.lang.Object)'> (0x00000007137637c8) 
thrown [s\src\hotspot\share\interpreter\linkResolver.cpp, line 771]
Event: 0.305 Thread 0x000001d321e7ef40 Exception <a 'java/lang/NoSuchMethodError'{0x0000000713469540}: 'int java.lang.invoke.DirectMethodHandle$Holder.invokeInterface(java.lang.Object, java.lang.Object)'> (0x0000000713469540) 
thrown [s\src\hotspot\share\interpreter\linkResolver.cpp, line 771]
Event: 0.305 Thread 0x000001d321e7ef40 Exception <a 'java/lang/IncompatibleClassChangeError'{0x000000071346ca28}: Found class java.lang.Object, but interface was expected> (0x000000071346ca28) 
thrown [s\src\hotspot\share\interpreter\linkResolver.cpp, line 838]
Event: 0.305 Thread 0x000001d321e7ef40 Exception <a 'java/lang/NoSuchMethodError'{0x0000000713472530}: 'void java.lang.invoke.DirectMethodHandle$Holder.invokeStatic(java.lang.Object, java.lang.Object)'> (0x0000000713472530) 
thrown [s\src\hotspot\share\interpreter\linkResolver.cpp, line 771]

VM Operations (18 events):
Event: 0.064 Executing VM operation: HandshakeAllThreads
Event: 0.064 Executing VM operation: HandshakeAllThreads done
Event: 0.081 Executing VM operation: HandshakeAllThreads
Event: 0.081 Executing VM operation: HandshakeAllThreads done
Event: 0.172 Executing VM operation: HandshakeAllThreads
Event: 0.172 Executing VM operation: HandshakeAllThreads done
Event: 0.203 Executing VM operation: HandshakeAllThreads
Event: 0.203 Executing VM operation: HandshakeAllThreads done
Event: 0.251 Executing VM operation: ICBufferFull
Event: 0.251 Executing VM operation: ICBufferFull done
Event: 0.254 Executing VM operation: HandshakeAllThreads
Event: 0.254 Executing VM operation: HandshakeAllThreads done
Event: 0.276 Executing VM operation: HandshakeAllThreads
Event: 0.276 Executing VM operation: HandshakeAllThreads done
Event: 0.325 Executing VM operation: G1CollectForAllocation
Event: 0.327 Executing VM operation: G1CollectForAllocation done
Event: 0.344 Executing VM operation: HandshakeAllThreads
Event: 0.344 Executing VM operation: HandshakeAllThreads done

Events (20 events):
Event: 0.345 loading class java/security/cert/PKIXCertPathChecker done
Event: 0.345 loading class java/security/cert/PKIXRevocationChecker done
Event: 0.345 loading class jdk/internal/math/FloatingDecimal
Event: 0.345 loading class jdk/internal/math/FloatingDecimal done
Event: 0.345 loading class jdk/internal/math/FloatingDecimal$ExceptionalBinaryToASCIIBuffer
Event: 0.345 loading class jdk/internal/math/FloatingDecimal$BinaryToASCIIConverter
Event: 0.346 loading class jdk/internal/math/FloatingDecimal$BinaryToASCIIConverter done
Event: 0.346 loading class jdk/internal/math/FloatingDecimal$ExceptionalBinaryToASCIIBuffer done
Event: 0.346 loading class jdk/internal/math/FloatingDecimal$BinaryToASCIIBuffer
Event: 0.346 loading class jdk/internal/math/FloatingDecimal$BinaryToASCIIBuffer done
Event: 0.346 loading class jdk/internal/math/FloatingDecimal$1
Event: 0.346 loading class jdk/internal/math/FloatingDecimal$1 done
Event: 0.346 loading class jdk/internal/math/FloatingDecimal$PreparedASCIIToBinaryBuffer
Event: 0.346 loading class jdk/internal/math/FloatingDecimal$ASCIIToBinaryConverter
Event: 0.346 loading class jdk/internal/math/FloatingDecimal$ASCIIToBinaryConverter done
Event: 0.346 loading class jdk/internal/math/FloatingDecimal$PreparedASCIIToBinaryBuffer done
Event: 0.346 loading class jdk/internal/math/FDBigInteger
Event: 0.346 loading class jdk/internal/math/FDBigInteger done
Event: 0.349 loading class java/lang/IndexOutOfBoundsException
Event: 0.349 loading class java/lang/IndexOutOfBoundsException done


Dynamic libraries:
0x00007ff7d3580000 - 0x00007ff7d358a000 	D:\Harmony\DevEco\DevEco Studio\jbr\bin\java.exe
0x00007ff962430000 - 0x00007ff962647000 	C:\Windows\SYSTEM32\ntdll.dll
0x00007ff960f30000 - 0x00007ff960ff4000 	C:\Windows\System32\KERNEL32.DLL
0x00007ff95f7f0000 - 0x00007ff95fba9000 	C:\Windows\System32\KERNELBASE.dll
0x00007ff95fc60000 - 0x00007ff95fd71000 	C:\Windows\System32\ucrtbase.dll
0x00007ff934690000 - 0x00007ff9346a7000 	D:\Harmony\DevEco\DevEco Studio\jbr\bin\jli.dll
0x00007ff934790000 - 0x00007ff9347ab000 	D:\Harmony\DevEco\DevEco Studio\jbr\bin\VCRUNTIME140.dll
0x00007ff9620d0000 - 0x00007ff96227e000 	C:\Windows\System32\USER32.dll
0x00007ff95fc30000 - 0x00007ff95fc56000 	C:\Windows\System32\win32u.dll
0x00007ff962280000 - 0x00007ff9622a9000 	C:\Windows\System32\GDI32.dll
0x00007ff949eb0000 - 0x00007ff94a142000 	C:\Windows\WinSxS\amd64_microsoft.windows.common-controls_6595b64144ccf1df_6.0.22621.4391_none_2715d37f73803e96\COMCTL32.dll
0x00007ff960000000 - 0x00007ff96011b000 	C:\Windows\System32\gdi32full.dll
0x00007ff9614e0000 - 0x00007ff961587000 	C:\Windows\System32\msvcrt.dll
0x00007ff95ff60000 - 0x00007ff95fffa000 	C:\Windows\System32\msvcp_win.dll
0x00007ff960a20000 - 0x00007ff960a51000 	C:\Windows\System32\IMM32.DLL
0x00007ff93f490000 - 0x00007ff93f49c000 	D:\Harmony\DevEco\DevEco Studio\jbr\bin\vcruntime140_1.dll
0x00007ff913510000 - 0x00007ff91359d000 	D:\Harmony\DevEco\DevEco Studio\jbr\bin\msvcp140.dll
0x00007ff90af80000 - 0x00007ff90bbed000 	D:\Harmony\DevEco\DevEco Studio\jbr\bin\server\jvm.dll
0x00007ff960880000 - 0x00007ff960932000 	C:\Windows\System32\ADVAPI32.dll
0x00007ff961280000 - 0x00007ff961327000 	C:\Windows\System32\sechost.dll
0x00007ff960120000 - 0x00007ff960148000 	C:\Windows\System32\bcrypt.dll
0x00007ff961160000 - 0x00007ff961274000 	C:\Windows\System32\RPCRT4.dll
0x00007ff939b90000 - 0x00007ff939b99000 	C:\Windows\SYSTEM32\WSOCK32.dll
0x00007ff9585c0000 - 0x00007ff9585ca000 	C:\Windows\SYSTEM32\VERSION.dll
0x00007ff960940000 - 0x00007ff9609b1000 	C:\Windows\System32\WS2_32.dll
0x00007ff95a6f0000 - 0x00007ff95a724000 	C:\Windows\SYSTEM32\WINMM.dll
0x00007ff95e860000 - 0x00007ff95e878000 	C:\Windows\SYSTEM32\kernel.appcore.dll
0x00007ff95b4e0000 - 0x00007ff95b4ea000 	D:\Harmony\DevEco\DevEco Studio\jbr\bin\jimage.dll
0x00007ff95cf60000 - 0x00007ff95d192000 	C:\Windows\SYSTEM32\DBGHELP.DLL
0x00007ff960a60000 - 0x00007ff960def000 	C:\Windows\System32\combase.dll
0x00007ff960df0000 - 0x00007ff960ec7000 	C:\Windows\System32\OLEAUT32.dll
0x00007ff92ea10000 - 0x00007ff92ea42000 	C:\Windows\SYSTEM32\dbgcore.DLL
0x00007ff95fbb0000 - 0x00007ff95fc2b000 	C:\Windows\System32\bcryptPrimitives.dll
0x00007ff9368e0000 - 0x00007ff936905000 	D:\Harmony\DevEco\DevEco Studio\jbr\bin\java.dll
0x00007ff95a770000 - 0x00007ff95a788000 	D:\Harmony\DevEco\DevEco Studio\jbr\bin\zip.dll
0x00007ff961850000 - 0x00007ff9620c6000 	C:\Windows\System32\SHELL32.dll
0x00007ff95d680000 - 0x00007ff95df83000 	C:\Windows\SYSTEM32\windows.storage.dll
0x00007ff95d540000 - 0x00007ff95d67f000 	C:\Windows\SYSTEM32\wintypes.dll
0x00007ff961590000 - 0x00007ff961689000 	C:\Windows\System32\SHCORE.dll
0x00007ff960ed0000 - 0x00007ff960f2e000 	C:\Windows\System32\shlwapi.dll
0x00007ff95f660000 - 0x00007ff95f68b000 	C:\Windows\SYSTEM32\profapi.dll
0x00007ff95a0e0000 - 0x00007ff95a0f9000 	D:\Harmony\DevEco\DevEco Studio\jbr\bin\net.dll
0x00007ff95a210000 - 0x00007ff95a346000 	C:\Windows\SYSTEM32\WINHTTP.dll
0x00007ff95ece0000 - 0x00007ff95ed49000 	C:\Windows\system32\mswsock.dll
0x00007ff935890000 - 0x00007ff9358a6000 	D:\Harmony\DevEco\DevEco Studio\jbr\bin\nio.dll
0x00007ff959100000 - 0x00007ff959109000 	D:\Harmony\DevEco\DevEco Studio\jbr\bin\management.dll
0x00007ff94e970000 - 0x00007ff94e97b000 	D:\Harmony\DevEco\DevEco Studio\jbr\bin\management_ext.dll
0x00007ff9622b0000 - 0x00007ff9622b8000 	C:\Windows\System32\PSAPI.DLL
0x00007ff9341c0000 - 0x00007ff9341d7000 	C:\Windows\system32\napinsp.dll
0x00007ff9341a0000 - 0x00007ff9341bb000 	C:\Windows\system32\pnrpnsp.dll
0x00007ff95e290000 - 0x00007ff95e392000 	C:\Windows\SYSTEM32\DNSAPI.dll
0x00007ff95e260000 - 0x00007ff95e28d000 	C:\Windows\SYSTEM32\IPHLPAPI.DLL
0x00007ff960870000 - 0x00007ff960879000 	C:\Windows\System32\NSI.dll
0x00007ff934180000 - 0x00007ff934191000 	C:\Windows\System32\winrnr.dll
0x00007ff934160000 - 0x00007ff934175000 	C:\Windows\system32\wshbth.dll
0x00007ff934130000 - 0x00007ff934157000 	C:\Windows\system32\nlansp_c.dll
0x0000000058660000 - 0x0000000058686000 	C:\Program Files\Bonjour\mdnsNSP.dll
0x00007ff955330000 - 0x00007ff95533a000 	C:\Windows\System32\rasadhlp.dll
0x00007ff955e20000 - 0x00007ff955ea3000 	C:\Windows\System32\fwpuclnt.dll

dbghelp: loaded successfully - version: 4.0.5 - missing functions: none
symbol engine: initialized successfully - sym options: 0x614 - pdb path: .;D:\Harmony\DevEco\DevEco Studio\jbr\bin;C:\Windows\SYSTEM32;C:\Windows\WinSxS\amd64_microsoft.windows.common-controls_6595b64144ccf1df_6.0.22621.4391_none_2715d37f73803e96;D:\Harmony\DevEco\DevEco Studio\jbr\bin\server;C:\Program Files\Bonjour

VM Arguments:
java_command: D:\Harmony\API\11\toolchains\lib\hap-sign-tool.jar verify-profile -inFile C:/Users/Fox/.ohos/config/openharmony/default_MyApplication2_aPBS9t0Wo7htfOKiGt6j47kcyaH79eungGZLxb9Isr0=.p7b -outFile C:\Users\Fox\Desktop\MyApplication2\entry\build\default\intermediates\default\temp\signConfigCheckJson.json
java_class_path (initial): D:\Harmony\API\11\toolchains\lib\hap-sign-tool.jar
Launcher Type: SUN_STANDARD

[Global flags]
     intx CICompilerCount                          = 15                                        {product} {ergonomic}
     uint ConcGCThreads                            = 6                                         {product} {ergonomic}
     uint G1ConcRefinementThreads                  = 23                                        {product} {ergonomic}
   size_t G1HeapRegionSize                         = 2097152                                   {product} {ergonomic}
    uintx GCDrainStackTargetSize                   = 64                                        {product} {ergonomic}
   size_t InitialHeapSize                          = 264241152                                 {product} {ergonomic}
   size_t MarkStackSize                            = 4194304                                   {product} {ergonomic}
   size_t MaxHeapSize                              = 4213178368                                {product} {ergonomic}
   size_t MaxNewSize                               = 2527068160                                {product} {ergonomic}
   size_t MinHeapDeltaBytes                        = 2097152                                   {product} {ergonomic}
   size_t MinHeapSize                              = 8388608                                   {product} {ergonomic}
    uintx NonNMethodCodeHeapSize                   = 8192380                                {pd product} {ergonomic}
    uintx NonProfiledCodeHeapSize                  = 121732930                              {pd product} {ergonomic}
    uintx ProfiledCodeHeapSize                     = 121732930                              {pd product} {ergonomic}
    uintx ReservedCodeCacheSize                    = 251658240                              {pd product} {ergonomic}
     bool SegmentedCodeCache                       = true                                      {product} {ergonomic}
   size_t SoftMaxHeapSize                          = 4213178368                             {manageable} {ergonomic}
     bool UseCompressedClassPointers               = true                           {product lp64_product} {ergonomic}
     bool UseCompressedOops                        = true                           {product lp64_product} {ergonomic}
     bool UseG1GC                                  = true                                      {product} {ergonomic}
     bool UseLargePagesIndividualAllocation        = false                                  {pd product} {ergonomic}

Logging:
Log output configuration:
 #0: stdout all=warning uptime,level,tags
 #1: stderr all=off uptime,level,tags

Environment Variables:
JAVA_HOME=D:\Harmony\DevEco\DevEco Studio\jbr
PATH=D:\Harmony\DevEco\DevEco Studio\jbr\bin;D:/Harmony/SDK111;G:\VM\bin\;C:\Windows\system32;C:\Windows;C:\Windows\System32\Wbem;C:\Windows\System32\WindowsPowerShell\v1.0\;C:\Windows\System32\OpenSSH\;C:\Program Files (x86)\NVIDIA Corporation\PhysX\Common;D:\MinGW\mingw64\bin;D:\Git\Git\cmd;D:\Python\Python10\Scripts\;D:\Python\Python10\;C:\Users\Fox\AppData\Local\Microsoft\WindowsApps;C:\Pycharm\PyCharm Community Edition 2024.1.2\bin;C:\Users\Fox\AppData\Local\Programs\Microsoft VS Code\bin;D:\Conda\Anyconda;D:\Conda\Anyconda\Scripts;D:\Conda\Anyconda\Library;D:\Cmake\cmake-3.30.3-windows-x86_64\bin;C:\Users\Fox\Desktop\Game\QQGameTempest\Hall.58319\;D:\Harmony\DevEco\DevEco Studio\bin;;D:\Harmony\SDK111;D:\Harmony\DevEco\DevEco Studio\jbr\bin;G:\VM\bin\;C:\Windows\system32;C:\Windows;C:\Windows\System32\Wbem;C:\Windows\System32\WindowsPowerShell\v1.0\;C:\Windows\System32\OpenSSH\;C:\Program Files (x86)\NVIDIA Corporation\PhysX\Common;D:\MinGW\mingw64\bin;D:\Git\Git\cmd;D:\Python\Python10\Scripts\;D:\Python\Python10\;C:\Users\Fox\AppData\Local\Microsoft\WindowsApps;C:\Pycharm\PyCharm Community Edition 2024.1.2\bin;C:\Users\Fox\AppData\Local\Programs\Microsoft VS Code\bin;D:\Conda\Anyconda;D:\Conda\Anyconda\Scripts;D:\Conda\Anyconda\Library;D:\Cmake\cmake-3.30.3-windows-x86_64\bin;C:\Users\Fox\Desktop\Game\QQGameTempest\Hall.58319\;D:\Harmony\DevEco\DevEco Studio\bin;
USERNAME=Fox
OS=Windows_NT
PROCESSOR_IDENTIFIER=AMD64 Family 25 Model 97 Stepping 2, AuthenticAMD
TMP=C:\Users\Fox\AppData\Local\Temp
TEMP=C:\Users\Fox\AppData\Local\Temp



---------------  S Y S T E M  ---------------

OS:
 Windows 11 , 64 bit Build 22621 (10.0.22621.4391)
OS uptime: 0 days 6:43 hours

CPU: total 32 (initial active 32) (32 cores per cpu, 2 threads per core) family 25 model 97 stepping 2 microcode 0x0, cx8, cmov, fxsr, ht, mmx, 3dnowpref, sse, sse2, sse3, ssse3, sse4a, sse4.1, sse4.2, popcnt, lzcnt, tsc, tscinvbit, avx, avx2, aes, erms, clmul, bmi1, bmi2, adx, avx512f, avx512dq, avx512cd, avx512bw, avx512vl, sha, fma, vzeroupper, avx512_vpopcntdq, avx512_vpclmulqdq, avx512_vaes, avx512_vnni, clflush, clflushopt, avx512_vbmi2, avx512_vbmi

Memory: 4k page, system-wide physical 16064M (4185M free)
TotalPageFile size 16064M (AvailPageFile size 5M)
current process WorkingSet (physical memory assigned to process): 91M, peak: 91M
current process commit charge ("private bytes"): 390M, peak: 390M

vm_info: OpenJDK 64-Bit Server VM (17.0.6+10-b829.5) for windows-amd64 JRE (17.0.6+10-b829.5), built on 2023-02-24 by "builduser" with MS VC++ 16.10 / 16.11 (VS2019)

END.
